# JRE version: OpenJDK Runtime Environment (21.0.3) (build 21.0.3+-12282718-b509.11)
# Java VM: OpenJDK 64-Bit Server VM (21.0.3+-12282718-b509.11, mixed mode, tiered, compressed oops, compressed class ptrs, g1 gc, windows-amd64)
GC Precious Log:
 CardTable entry size: 512
 Card Set container configuration: InlinePtr #cards 5 size 8 Array Of Cards #cards 12 size 40 Howl #buckets 4 coarsen threshold 1843 Howl Bitmap #cards 512 size 80 coarsen threshold 460 Card regions per heap region 1 cards per card region 2048
 CPUs: 8 total, 8 available
 Memory: 7959M
 Large Page Support: Disabled
 NUMA Support: Disabled
 Compressed Oops: Enabled (32-bit)
 Heap Region Size: 1M
 Heap Min Capacity: 8M
 Heap Initial Capacity: 126M
 Heap Max Capacity: 2G
 Pre-touch: Disabled
 Parallel Workers: 8
 Concurrent Workers: 2
 Concurrent Refinement Workers: 8
 Periodic GC: Disabled
Heap:
 garbage-first heap   total 236544K, used 176438K [0x0000000080000000, 0x0000000100000000)
  region size 1024K, 50 young (51200K), 7 survivors (7168K)
 Metaspace       used 125577K, committed 127872K, reserved 1179648K
  class space    used 16772K, committed 17856K, reserved 1048576K
GC Heap History (20 events):
Event: 20.755 GC heap before
{Heap before GC invocations=33 (full 0):
 garbage-first heap   total 153600K, used 137683K [0x0000000080000000, 0x0000000100000000)
  region size 1024K, 49 young (50176K), 7 survivors (7168K)
 Metaspace       used 106596K, committed 108736K, reserved 1179648K
  class space    used 14517K, committed 15552K, reserved 1048576K
}
Event: 20.773 GC heap after
{Heap after GC invocations=34 (full 0):
 garbage-first heap   total 153600K, used 96792K [0x0000000080000000, 0x0000000100000000)
  region size 1024K, 4 young (4096K), 4 survivors (4096K)
 Metaspace       used 106596K, committed 108736K, reserved 1179648K
  class space    used 14517K, committed 15552K, reserved 1048576K
}
Event: 21.784 GC heap before
{Heap before GC invocations=35 (full 0):
 garbage-first heap   total 191488K, used 137752K [0x0000000080000000, 0x0000000100000000)
  region size 1024K, 45 young (46080K), 4 survivors (4096K)
 Metaspace       used 106612K, committed 108736K, reserved 1179648K
  class space    used 14517K, committed 15552K, reserved 1048576K
}
Event: 21.799 GC heap after
{Heap after GC invocations=36 (full 0):
 garbage-first heap   total 191488K, used 97392K [0x0000000080000000, 0x0000000100000000)
  region size 1024K, 5 young (5120K), 5 survivors (5120K)
 Metaspace       used 106612K, committed 108736K, reserved 1179648K
  class space    used 14517K, committed 15552K, reserved 1048576K
}
Event: 23.395 GC heap before
{Heap before GC invocations=36 (full 0):
 garbage-first heap   total 191488K, used 172144K [0x0000000080000000, 0x0000000100000000)
  region size 1024K, 78 young (79872K), 5 survivors (5120K)
 Metaspace       used 107168K, committed 109312K, reserved 1179648K
  class space    used 14621K, committed 15680K, reserved 1048576K
}
Event: 23.414 GC heap after
{Heap after GC invocations=37 (full 0):
 garbage-first heap   total 191488K, used 98541K [0x0000000080000000, 0x0000000100000000)
  region size 1024K, 8 young (8192K), 8 survivors (8192K)
 Metaspace       used 107168K, committed 109312K, reserved 1179648K
  class space    used 14621K, committed 15680K, reserved 1048576K
}
Event: 23.791 GC heap before
{Heap before GC invocations=37 (full 0):
 garbage-first heap   total 191488K, used 123117K [0x0000000080000000, 0x0000000100000000)
  region size 1024K, 34 young (34816K), 8 survivors (8192K)
 Metaspace       used 107176K, committed 109312K, reserved 1179648K
  class space    used 14621K, committed 15680K, reserved 1048576K
}
Event: 23.809 GC heap after
{Heap after GC invocations=38 (full 0):
 garbage-first heap   total 191488K, used 99665K [0x0000000080000000, 0x0000000100000000)
  region size 1024K, 4 young (4096K), 4 survivors (4096K)
 Metaspace       used 107176K, committed 109312K, reserved 1179648K
  class space    used 14621K, committed 15680K, reserved 1048576K
}
Event: 24.941 GC heap before
{Heap before GC invocations=39 (full 0):
 garbage-first heap   total 191488K, used 174417K [0x0000000080000000, 0x0000000100000000)
  region size 1024K, 77 young (78848K), 4 survivors (4096K)
 Metaspace       used 107284K, committed 109440K, reserved 1179648K
  class space    used 14633K, committed 15680K, reserved 1048576K
}
Event: 24.955 GC heap after
{Heap after GC invocations=40 (full 0):
 garbage-first heap   total 191488K, used 102059K [0x0000000080000000, 0x0000000100000000)
  region size 1024K, 6 young (6144K), 6 survivors (6144K)
 Metaspace       used 107284K, committed 109440K, reserved 1179648K
  class space    used 14633K, committed 15680K, reserved 1048576K
}
Event: 25.923 GC heap before
{Heap before GC invocations=40 (full 0):
 garbage-first heap   total 191488K, used 173739K [0x0000000080000000, 0x0000000100000000)
  region size 1024K, 77 young (78848K), 6 survivors (6144K)
 Metaspace       used 108100K, committed 110272K, reserved 1179648K
  class space    used 14773K, committed 15808K, reserved 1048576K
}
Event: 25.946 GC heap after
{Heap after GC invocations=41 (full 0):
 garbage-first heap   total 230400K, used 107084K [0x0000000080000000, 0x0000000100000000)
  region size 1024K, 10 young (10240K), 10 survivors (10240K)
 Metaspace       used 108100K, committed 110272K, reserved 1179648K
  class space    used 14773K, committed 15808K, reserved 1048576K
}
Event: 30.022 GC heap before
{Heap before GC invocations=41 (full 0):
 garbage-first heap   total 230400K, used 205388K [0x0000000080000000, 0x0000000100000000)
  region size 1024K, 105 young (107520K), 10 survivors (10240K)
 Metaspace       used 116797K, committed 118976K, reserved 1179648K
  class space    used 15888K, committed 16960K, reserved 1048576K
}
Event: 30.064 GC heap after
{Heap after GC invocations=42 (full 0):
 garbage-first heap   total 236544K, used 128533K [0x0000000080000000, 0x0000000100000000)
  region size 1024K, 14 young (14336K), 14 survivors (14336K)
 Metaspace       used 116797K, committed 118976K, reserved 1179648K
  class space    used 15888K, committed 16960K, reserved 1048576K
}
Event: 33.612 GC heap before
{Heap before GC invocations=42 (full 0):
 garbage-first heap   total 236544K, used 205333K [0x0000000080000000, 0x0000000100000000)
  region size 1024K, 90 young (92160K), 14 survivors (14336K)
 Metaspace       used 117871K, committed 120128K, reserved 1179648K
  class space    used 16028K, committed 17152K, reserved 1048576K
}
Event: 33.665 GC heap after
{Heap after GC invocations=43 (full 0):
 garbage-first heap   total 236544K, used 130869K [0x0000000080000000, 0x0000000100000000)
  region size 1024K, 6 young (6144K), 6 survivors (6144K)
 Metaspace       used 117871K, committed 120128K, reserved 1179648K
  class space    used 16028K, committed 17152K, reserved 1048576K
}
Event: 34.823 GC heap before
{Heap before GC invocations=43 (full 0):
 garbage-first heap   total 236544K, used 208693K [0x0000000080000000, 0x0000000100000000)
  region size 1024K, 83 young (84992K), 6 survivors (6144K)
 Metaspace       used 117916K, committed 120192K, reserved 1179648K
  class space    used 16030K, committed 17152K, reserved 1048576K
}
Event: 34.849 GC heap after
{Heap after GC invocations=44 (full 0):
 garbage-first heap   total 236544K, used 132235K [0x0000000080000000, 0x0000000100000000)
  region size 1024K, 8 young (8192K), 8 survivors (8192K)
 Metaspace       used 117916K, committed 120192K, reserved 1179648K
  class space    used 16030K, committed 17152K, reserved 1048576K
}
Event: 128.916 GC heap before
{Heap before GC invocations=45 (full 0):
 garbage-first heap   total 236544K, used 211083K [0x0000000080000000, 0x0000000100000000)
  region size 1024K, 86 young (88064K), 8 survivors (8192K)
 Metaspace       used 125390K, committed 127616K, reserved 1179648K
  class space    used 16770K, committed 17856K, reserved 1048576K
}
Event: 128.934 GC heap after
{Heap after GC invocations=46 (full 0):
 garbage-first heap   total 236544K, used 134454K [0x0000000080000000, 0x0000000100000000)
  region size 1024K, 7 young (7168K), 7 survivors (7168K)
 Metaspace       used 125390K, committed 127616K, reserved 1179648K
  class space    used 16770K, committed 17856K, reserved 1048576K
}

